<?xml version="1.0" encoding="UTF-8"?>
<!-- Generated by org.testng.reporters.JUnitXMLReporter -->
<testsuite hostname="Hassan-PC" ignored="4" name="Console Error" tests="3" failures="0" timestamp="23 Jan 2019 17:03:45 GMT" time="113.822" errors="0">
  <testcase name="Login_Console_Error" time="14.169" classname="Console.Error.Login_Console"/>
  <testcase name="signup_women_console_error" time="33.764" classname="Console.Error.Signup_women_console"/>
  <testcase name="signup_men_console_error" time="34.106" classname="Console.Error.Signup_men_console"/>
  <testcase name="@AfterTest endReport" time="0.0" classname="Console.Error.Test_Base">
    <ignored/>
  </testcase> <!-- @AfterTest endReport -->
  <testcase name="@AfterTest endReport" time="0.0" classname="Console.Error.Test_Base">
    <ignored/>
  </testcase> <!-- @AfterTest endReport -->
  <testcase name="@BeforeTest setExtent" time="0.0" classname="Console.Error.Test_Base">
    <ignored/>
  </testcase> <!-- @BeforeTest setExtent -->
  <testcase name="@BeforeTest setExtent" time="0.0" classname="Console.Error.Test_Base">
    <ignored/>
  </testcase> <!-- @BeforeTest setExtent -->
</testsuite> <!-- Console Error -->
