<?xml version="1.0" encoding="UTF-8"?>
<!-- Generated by org.testng.reporters.JUnitXMLReporter -->
<testsuite hostname="Hassan-PC" ignored="18" name="Console Error" tests="10" failures="0" timestamp="25 Jan 2019 18:06:28 GMT" time="287.308" errors="0">
  <testcase name="Login_Console_Error" time="18.307" classname="Console.Error.Login_Console"/>
  <testcase name="signup_women_console_error" time="34.32" classname="Console.Error.Signup_women_console"/>
  <testcase name="signup_men_console_error" time="35.246" classname="Console.Error.Signup_men_console"/>
  <testcase name="Contactus_Console_Error" time="22.288" classname="Console.Error.Contactus_console"/>
  <testcase name="FittingRoom_Console_Error" time="16.561" classname="Console.Error.Fitting_Room_console"/>
  <testcase name="Blog_Console_Error" time="5.118" classname="Console.Error.Blog_console"/>
  <testcase name="Men_Console_Error" time="20.617" classname="Console.Error.Men_console"/>
  <testcase name="Women_Console_Error" time="11.432" classname="Console.Error.Women_console"/>
  <testcase name="Terms_condition_Console_Error" time="5.805" classname="Console.Error.Terms_condition_console"/>
  <testcase name="Privacy_policy_Console_Error" time="7.663" classname="Console.Error.Privacy_policy_console"/>
  <testcase name="@BeforeTest setExtent" time="0.0" classname="Console.Error.Test_Base">
    <ignored/>
  </testcase> <!-- @BeforeTest setExtent -->
  <testcase name="@BeforeTest setExtent" time="0.0" classname="Console.Error.Test_Base">
    <ignored/>
  </testcase> <!-- @BeforeTest setExtent -->
  <testcase name="@BeforeTest setExtent" time="0.0" classname="Console.Error.Test_Base">
    <ignored/>
  </testcase> <!-- @BeforeTest setExtent -->
  <testcase name="@BeforeTest setExtent" time="0.0" classname="Console.Error.Test_Base">
    <ignored/>
  </testcase> <!-- @BeforeTest setExtent -->
  <testcase name="@BeforeTest setExtent" time="0.0" classname="Console.Error.Test_Base">
    <ignored/>
  </testcase> <!-- @BeforeTest setExtent -->
  <testcase name="@BeforeTest setExtent" time="0.0" classname="Console.Error.Test_Base">
    <ignored/>
  </testcase> <!-- @BeforeTest setExtent -->
  <testcase name="@BeforeTest setExtent" time="0.0" classname="Console.Error.Test_Base">
    <ignored/>
  </testcase> <!-- @BeforeTest setExtent -->
  <testcase name="@BeforeTest setExtent" time="0.0" classname="Console.Error.Test_Base">
    <ignored/>
  </testcase> <!-- @BeforeTest setExtent -->
  <testcase name="@BeforeTest setExtent" time="0.0" classname="Console.Error.Test_Base">
    <ignored/>
  </testcase> <!-- @BeforeTest setExtent -->
  <testcase name="@AfterTest endReport" time="0.0" classname="Console.Error.Test_Base">
    <ignored/>
  </testcase> <!-- @AfterTest endReport -->
  <testcase name="@AfterTest endReport" time="0.0" classname="Console.Error.Test_Base">
    <ignored/>
  </testcase> <!-- @AfterTest endReport -->
  <testcase name="@AfterTest endReport" time="0.0" classname="Console.Error.Test_Base">
    <ignored/>
  </testcase> <!-- @AfterTest endReport -->
  <testcase name="@AfterTest endReport" time="0.0" classname="Console.Error.Test_Base">
    <ignored/>
  </testcase> <!-- @AfterTest endReport -->
  <testcase name="@AfterTest endReport" time="0.0" classname="Console.Error.Test_Base">
    <ignored/>
  </testcase> <!-- @AfterTest endReport -->
  <testcase name="@AfterTest endReport" time="0.0" classname="Console.Error.Test_Base">
    <ignored/>
  </testcase> <!-- @AfterTest endReport -->
  <testcase name="@AfterTest endReport" time="0.0" classname="Console.Error.Test_Base">
    <ignored/>
  </testcase> <!-- @AfterTest endReport -->
  <testcase name="@AfterTest endReport" time="0.0" classname="Console.Error.Test_Base">
    <ignored/>
  </testcase> <!-- @AfterTest endReport -->
  <testcase name="@AfterTest endReport" time="0.0" classname="Console.Error.Test_Base">
    <ignored/>
  </testcase> <!-- @AfterTest endReport -->
</testsuite> <!-- Console Error -->
