<?xml version="1.0" encoding="UTF-8"?>
<!-- Generated by org.testng.reporters.JUnitXMLReporter -->
<testsuite hostname="Hassan-PC" ignored="1" name="Default test" tests="1" failures="0" timestamp="18 Mar 2019 16:46:06 GMT" time="70.975" errors="0">
  <testcase name="Acceptance_criteria_2" time="55.336" classname="Deployment.Testcases.Verify_favourite"/>
  <testcase name="Acceptance_criteria_1" time="0.0" classname="Deployment.Testcases.Verify_favourite">
    <ignored/>
  </testcase> <!-- Acceptance_criteria_1 -->
</testsuite> <!-- Default test -->
