<?xml version="1.0" encoding="UTF-8"?>
<!-- Generated by org.testng.reporters.JUnitXMLReporter -->
<testsuite hostname="Hassan-PC" ignored="3" name="Default test" tests="1" failures="0" timestamp="11 Mar 2019 15:20:49 GMT" time="49.897" errors="0">
  <testcase name="Acceptance_criteria_4" time="33.125" classname="Deployment.Testcases.Verify_Currentlook"/>
  <testcase name="Acceptance_criteria_3" time="0.0" classname="Deployment.Testcases.Verify_Currentlook">
    <ignored/>
  </testcase> <!-- Acceptance_criteria_3 -->
  <testcase name="Acceptance_criteria_2" time="0.0" classname="Deployment.Testcases.Verify_Currentlook">
    <ignored/>
  </testcase> <!-- Acceptance_criteria_2 -->
  <testcase name="Acceptance_criteria_1" time="0.0" classname="Deployment.Testcases.Verify_Currentlook">
    <ignored/>
  </testcase> <!-- Acceptance_criteria_1 -->
</testsuite> <!-- Default test -->
