<?xml version="1.0" encoding="UTF-8"?>
<testng-results skipped="0" failed="0" ignored="0" total="1" passed="1">
  <reporter-output>
  </reporter-output>
  <suite name="Default suite" duration-ms="96890" started-at="2018-12-31T14:13:55Z" finished-at="2018-12-31T14:15:31Z">
    <groups>
    </groups>
    <test name="Default test" duration-ms="96890" started-at="2018-12-31T14:13:55Z" finished-at="2018-12-31T14:15:31Z">
      <class name="Console.Error.FindJSErrorsLogging">
        <test-method status="PASS" signature="setup()[pri:0, instance:Console.Error.FindJSErrorsLogging@4883b407]" name="setup" is-config="true" duration-ms="4435" started-at="2018-12-31T14:13:55Z" finished-at="2018-12-31T14:13:59Z">
          <reporter-output>
          </reporter-output>
        </test-method> <!-- setup -->
        <test-method status="PASS" signature="testMethod()[pri:0, instance:Console.Error.FindJSErrorsLogging@4883b407]" name="testMethod" duration-ms="85329" started-at="2018-12-31T14:13:59Z" finished-at="2018-12-31T14:15:24Z">
          <reporter-output>
          </reporter-output>
        </test-method> <!-- testMethod -->
        <test-method status="PASS" signature="tearDown(org.testng.ITestResult)[pri:0, instance:Console.Error.FindJSErrorsLogging@4883b407]" name="tearDown" is-config="true" duration-ms="7098" started-at="2018-12-31T14:15:24Z" finished-at="2018-12-31T14:15:31Z">
          <params>
            <param index="0">
              <value>
                <![CDATA[[TestResult name=testMethod status=SUCCESS method=FindJSErrorsLogging.testMethod()[pri:0, instance:Console.Error.FindJSErrorsLogging@4883b407] output={null}]]]>
              </value>
            </param>
          </params>
          <reporter-output>
          </reporter-output>
        </test-method> <!-- tearDown -->
      </class> <!-- Console.Error.FindJSErrorsLogging -->
    </test> <!-- Default test -->
  </suite> <!-- Default suite -->
</testng-results>
