<?xml version="1.0" encoding="UTF-8"?>
<testng-results skipped="0" failed="0" ignored="1" total="2" passed="1">
  <reporter-output>
  </reporter-output>
  <suite name="Default suite" duration-ms="70975" started-at="2019-03-18T16:44:55Z" finished-at="2019-03-18T16:46:06Z">
    <groups>
    </groups>
    <test name="Default test" duration-ms="70975" started-at="2019-03-18T16:44:55Z" finished-at="2019-03-18T16:46:06Z">
      <class name="Deployment.Testcases.Verify_favourite">
        <test-method status="PASS" signature="setExtent()[pri:0, instance:Deployment.Testcases.Verify_favourite@6a41eaa2]" name="setExtent" is-config="true" duration-ms="151" started-at="2019-03-18T16:44:55Z" finished-at="2019-03-18T16:44:55Z">
          <reporter-output>
          </reporter-output>
        </test-method> <!-- setExtent -->
        <test-method status="PASS" signature="setup()[pri:0, instance:Deployment.Testcases.Verify_favourite@6a41eaa2]" name="setup" is-config="true" duration-ms="14432" started-at="2019-03-18T16:44:55Z" finished-at="2019-03-18T16:45:09Z">
          <reporter-output>
          </reporter-output>
        </test-method> <!-- setup -->
        <test-method status="PASS" signature="Acceptance_criteria_2()[pri:2, instance:Deployment.Testcases.Verify_favourite@6a41eaa2]" name="Acceptance_criteria_2" duration-ms="55336" started-at="2019-03-18T16:45:09Z" finished-at="2019-03-18T16:46:04Z">
          <reporter-output>
          </reporter-output>
        </test-method> <!-- Acceptance_criteria_2 -->
        <test-method status="PASS" signature="tearDown(org.testng.ITestResult)[pri:0, instance:Deployment.Testcases.Verify_favourite@6a41eaa2]" name="tearDown" is-config="true" duration-ms="747" started-at="2019-03-18T16:46:04Z" finished-at="2019-03-18T16:46:05Z">
          <params>
            <param index="0">
              <value>
                <![CDATA[[TestResult name=Acceptance_criteria_2 status=SUCCESS method=Verify_favourite.Acceptance_criteria_2()[pri:2, instance:Deployment.Testcases.Verify_favourite@6a41eaa2] output={null}]]]>
              </value>
            </param>
          </params>
          <reporter-output>
          </reporter-output>
        </test-method> <!-- tearDown -->
        <test-method status="PASS" signature="endReport()[pri:0, instance:Deployment.Testcases.Verify_favourite@6a41eaa2]" name="endReport" is-config="true" duration-ms="288" started-at="2019-03-18T16:46:05Z" finished-at="2019-03-18T16:46:06Z">
          <reporter-output>
          </reporter-output>
        </test-method> <!-- endReport -->
      </class> <!-- Deployment.Testcases.Verify_favourite -->
    </test> <!-- Default test -->
  </suite> <!-- Default suite -->
</testng-results>
