<?xml version="1.0" encoding="UTF-8"?>
<!-- Generated by org.testng.reporters.JUnitXMLReporter -->
<testsuite hostname="Hassan-PC" ignored="0" name="Regression suite 1" tests="5" failures="1" timestamp="07 Jan 2019 15:51:31 GMT" time="167.987" errors="0">
  <testcase name="validate_women" time="57.35" classname="Deployment.Testcases.WomenTest"/>
  <testcase name="validate_men" time="54.45" classname="Deployment.Testcases.MenTest"/>
  <testcase name="InvalidEmail" time="23.438" classname="Deployment.Testcases.SignUpErrorHandling"/>
  <testcase name="PasswordNotMatch" time="21.974" classname="Deployment.Testcases.SignUpErrorHandling"/>
  <testcase name="checkValidCredentials" time="10.712" classname="Deployment.Testcases.Verify_Login">
    <failure type="java.lang.NullPointerException">
      <![CDATA[java.lang.NullPointerException
at org.openqa.selenium.support.pagefactory.internal.LocatingElementHandler.invoke(LocatingElementHandler.java:51)
at com.sun.proxy.$Proxy7.isDisplayed(Unknown Source)
at org.openqa.selenium.support.ui.ExpectedConditions.elementIfVisible(ExpectedConditions.java:315)
at org.openqa.selenium.support.ui.ExpectedConditions.access$100(ExpectedConditions.java:44)
at org.openqa.selenium.support.ui.ExpectedConditions$10.apply(ExpectedConditions.java:301)
at org.openqa.selenium.support.ui.ExpectedConditions$10.apply(ExpectedConditions.java:298)
at org.openqa.selenium.support.ui.FluentWait.until(FluentWait.java:260)
at Utility.Synchronization.sendKeys(Synchronization.java:47)
at com.pages.Login.login_selfie_styler(Login.java:55)
at Deployment.Testcases.Verify_Login.checkValidCredentials(Verify_Login.java:26)
... Removed 28 stack frames]]>
    </failure>
  </testcase> <!-- checkValidCredentials -->
</testsuite> <!-- Regression suite 1 -->
