<?xml version="1.0" encoding="UTF-8"?>
<!-- Generated by org.testng.reporters.JUnitXMLReporter -->
<testsuite hostname="Hassan-PC" ignored="6" name="Command line test" tests="1" failures="0" timestamp="04 Apr 2019 16:22:29 GMT" time="39.2" errors="0">
  <testcase name="Acceptance_criteria_7" time="23.851" classname="Deployment.Testcases.verify_navigation"/>
  <testcase name="Acceptance_criteria_3" time="0.0" classname="Deployment.Testcases.verify_navigation">
    <ignored/>
  </testcase> <!-- Acceptance_criteria_3 -->
  <testcase name="Acceptance_criteria_5" time="0.0" classname="Deployment.Testcases.verify_navigation">
    <ignored/>
  </testcase> <!-- Acceptance_criteria_5 -->
  <testcase name="Acceptance_criteria_6" time="0.0" classname="Deployment.Testcases.verify_navigation">
    <ignored/>
  </testcase> <!-- Acceptance_criteria_6 -->
  <testcase name="Acceptance_criteria_4" time="0.0" classname="Deployment.Testcases.verify_navigation">
    <ignored/>
  </testcase> <!-- Acceptance_criteria_4 -->
  <testcase name="Acceptance_criteria_1" time="0.0" classname="Deployment.Testcases.verify_navigation">
    <ignored/>
  </testcase> <!-- Acceptance_criteria_1 -->
  <testcase name="Acceptance_criteria_2" time="0.0" classname="Deployment.Testcases.verify_navigation">
    <ignored/>
  </testcase> <!-- Acceptance_criteria_2 -->
</testsuite> <!-- Command line test -->
