<?xml version="1.0" encoding="UTF-8"?>
<!-- Generated by org.testng.reporters.JUnitXMLReporter -->
<testsuite hostname="Hassan-PC" ignored="3" name="Regression suite 1(failed)" tests="1" failures="0" timestamp="03 Jan 2019 13:59:53 GMT" time="58.961" errors="0">
  <testcase name="validate_Fitting_Room_Hanger" time="58.927" classname="Deployment.Testcases.Verify_Fitting_Room_Hanger"/>
  <testcase name="validate_fitting_room_editlook" time="0.0" classname="Deployment.Testcases.Verify_Fitting_Room_Edit_Look">
    <ignored/>
  </testcase> <!-- validate_fitting_room_editlook -->
  <testcase name="validate_select_a_size" time="0.0" classname="Deployment.Testcases.Verify_Fitting_Room_Edit_Look">
    <ignored/>
  </testcase> <!-- validate_select_a_size -->
  <testcase name="validate_change_color" time="0.0" classname="Deployment.Testcases.Verify_Fitting_Room_Edit_Look">
    <ignored/>
  </testcase> <!-- validate_change_color -->
</testsuite> <!-- Regression suite 1(failed) -->
